<?xml version="1.0" encoding="UTF-8"?>
<testng-results skipped="0" failed="0" ignored="0" total="1" passed="1">
  <reporter-output>
  </reporter-output>
  <suite name="Default suite" duration-ms="1797" started-at="2019-04-19T04:45:34Z" finished-at="2019-04-19T04:45:36Z">
    <groups>
    </groups>
    <test name="Default test" duration-ms="1797" started-at="2019-04-19T04:45:34Z" finished-at="2019-04-19T04:45:36Z">
      <class name="pdfReader.PDFReader">
        <test-method status="PASS" signature="readPDF()[pri:0, instance:pdfReader.PDFReader@1d057a39]" name="readPDF" duration-ms="1690" started-at="2019-04-19T04:45:34Z" finished-at="2019-04-19T04:45:36Z">
          <reporter-output>
          </reporter-output>
        </test-method> <!-- readPDF -->
      </class> <!-- pdfReader.PDFReader -->
    </test> <!-- Default test -->
  </suite> <!-- Default suite -->
</testng-results>
